2025-05-21 20:11:21,238	[INFO]	(client.py:162)_bot_login	[botpy] 登录机器人账号中...
2025-05-21 20:11:21,495	[INFO]	(robot.py:65)update_access_token	[botpy] access_token expires_in 1137
2025-05-21 20:11:21,976	[INFO]	(client.py:181)_bot_init	[botpy] 程序启动...
2025-05-21 20:11:21,976	[INFO]	(connection.py:60)multi_run	[botpy] 最大并发连接数: 1, 启动会话数: 1
2025-05-21 20:11:21,976	[INFO]	(client.py:242)bot_connect	[botpy] 会话启动中...
2025-05-21 20:11:21,976	[INFO]	(gateway.py:115)ws_connect	[botpy] 启动中...
2025-05-21 20:11:22,108	[INFO]	(gateway.py:142)ws_identify	[botpy] 鉴权中...
2025-05-21 20:11:22,210	[INFO]	(gateway.py:85)on_message	[botpy] 机器人「The_PRTS-测试中」启动成功！
2025-05-21 20:11:22,210	[INFO]	(gateway.py:223)_send_heart	[botpy] 心跳维持启动...
2025-05-21 20:11:22,211	[INFO]	(main.py:16)on_ready	robot 「The_PRTS-测试中」 on_ready!
2025-05-21 20:11:47,602	[INFO]	(main.py:34)on_group_at_message_create	{'id': 'ROBOT1.0_gh8fpwJNjAbqx1DPfhhlYppjT8JgTeY7uo7QX1podNa0uEJgEQaTQRGJFYWG5bPQcLM75eAAoDhXGOgvSnvRsw!!', 'timestamp': '2025-05-21T20:11:48+08:00'}
2025-05-21 20:14:45,905	[INFO]	(client.py:162)_bot_login	[botpy] 登录机器人账号中...
2025-05-21 20:14:46,156	[INFO]	(robot.py:65)update_access_token	[botpy] access_token expires_in 932
2025-05-21 20:14:46,600	[INFO]	(client.py:181)_bot_init	[botpy] 程序启动...
2025-05-21 20:14:46,600	[INFO]	(connection.py:60)multi_run	[botpy] 最大并发连接数: 1, 启动会话数: 1
2025-05-21 20:14:46,600	[INFO]	(client.py:242)bot_connect	[botpy] 会话启动中...
2025-05-21 20:14:46,600	[INFO]	(gateway.py:115)ws_connect	[botpy] 启动中...
2025-05-21 20:14:46,727	[INFO]	(gateway.py:142)ws_identify	[botpy] 鉴权中...
2025-05-21 20:14:46,805	[INFO]	(gateway.py:85)on_message	[botpy] 机器人「The_PRTS-测试中」启动成功！
2025-05-21 20:14:46,805	[INFO]	(gateway.py:223)_send_heart	[botpy] 心跳维持启动...
2025-05-21 20:14:46,806	[INFO]	(main.py:16)on_ready	robot 「The_PRTS-测试中」 on_ready!
2025-05-21 20:15:09,674	[ERROR]	(http.py:76)_handle_response	[botpy] 接口请求异常，请求连接: https://sandbox.api.sgroup.qq.com/v2/groups/2078EB9E50A2A3A372D2F03047B60102/messages, 错误代码: 400, 返回内容: {'message': '消息被去重，请检查请求msgseq', 'code': 40054005, 'err_code': 40054005, 'trace_id': 'fe0a975123cbc14c1b251945a174e9e3'}, trace_id:fe0a975123cbc14c1b251945a174e9e3
2025-05-21 20:15:34,524	[INFO]	(main.py:87)on_group_at_message_create	{'id': 'ROBOT1.0_gh8fpwJNjAbqx1DPfhhlYrx0.wbuQWaiQg78uU-GJT8lR3iqYMUiJjjTLHoplFeLcU1DrrtA8.udOn201GyrZg!!', 'timestamp': '2025-05-21T20:15:35+08:00'}
2025-05-21 20:17:37,727	[INFO]	(main.py:87)on_group_at_message_create	{'id': 'ROBOT1.0_gh8fpwJNjAbqx1DPfhhlYo9MnulISivpMyeJi8bgVUwxpuSHC0ehhJZecJ4afpGucOTdz6xonO1vQws14p7Uxg!!', 'timestamp': '2025-05-21T20:17:38+08:00'}
2025-05-21 20:19:18,917	[INFO]	(main.py:87)on_group_at_message_create	{'id': 'ROBOT1.0_gh8fpwJNjAbqx1DPfhhlYoM54zTbzvYCAAoroWA3Y6.QBRb.9Djs9mDKybQ7btxwRsh-tA1f9.xFRb4hUWOF7Q!!', 'timestamp': '2025-05-21T20:19:19+08:00'}
2025-05-21 20:21:51,525	[INFO]	(main.py:87)on_group_at_message_create	{'id': 'ROBOT1.0_gh8fpwJNjAbqx1DPfhhlYl1uYPor3KFdpDJHotobToDW36ldpTcbE-GJIECPrp-dYEE7fGCcwuQs4ID7IEFBcA!!', 'timestamp': '2025-05-21T20:21:52+08:00'}
2025-05-21 20:22:48,541	[INFO]	(client.py:162)_bot_login	[botpy] 登录机器人账号中...
2025-05-21 20:22:48,838	[INFO]	(robot.py:65)update_access_token	[botpy] access_token expires_in 450
2025-05-21 20:22:49,347	[INFO]	(client.py:181)_bot_init	[botpy] 程序启动...
2025-05-21 20:22:49,347	[INFO]	(connection.py:60)multi_run	[botpy] 最大并发连接数: 1, 启动会话数: 1
2025-05-21 20:22:49,347	[INFO]	(client.py:242)bot_connect	[botpy] 会话启动中...
2025-05-21 20:22:49,347	[INFO]	(gateway.py:115)ws_connect	[botpy] 启动中...
2025-05-21 20:22:49,510	[INFO]	(gateway.py:142)ws_identify	[botpy] 鉴权中...
2025-05-21 20:22:49,604	[INFO]	(gateway.py:85)on_message	[botpy] 机器人「The_PRTS-测试中」启动成功！
2025-05-21 20:22:49,605	[INFO]	(gateway.py:223)_send_heart	[botpy] 心跳维持启动...
2025-05-21 20:22:49,605	[INFO]	(main.py:16)on_ready	robot 「The_PRTS-测试中」 on_ready!
2025-05-21 20:23:02,218	[INFO]	(main.py:89)on_group_at_message_create	{'id': 'ROBOT1.0_gh8fpwJNjAbqx1DPfhhlYmvdRDwUsWKRJABo0ySyixpzEkFBevAHW5-hptrHkv6DENzcqtOJ-Q-P3ke8fp523g!!', 'timestamp': '2025-05-21T20:23:03+08:00'}
2025-05-21 20:24:21,434	[INFO]	(main.py:89)on_group_at_message_create	{'id': 'ROBOT1.0_gh8fpwJNjAbqx1DPfhhlYkIPyX6O0.lZN5BFa.Bfw6trOHQHqat6GrtycYDvBF7a5T8kkfUaBqSciwxtOYQU6w!!', 'timestamp': '2025-05-21T20:24:22+08:00'}
2025-05-21 20:25:57,133	[INFO]	(main.py:89)on_group_at_message_create	{'id': 'ROBOT1.0_gh8fpwJNjAbqx1DPfhhlYouCT35xU6JT3U3AMrWMcGZdfN5sMHwkkfWGzBT9n2lEyPdAapjzQ1hk4Wi5104--A!!', 'timestamp': '2025-05-21T20:25:58+08:00'}
2025-05-21 20:26:06,644	[INFO]	(main.py:89)on_group_at_message_create	{'id': 'ROBOT1.0_gh8fpwJNjAbqx1DPfhhlYuRJY.s991kiD8NjD3yoKQlfmXuj.q.M7T6gnM3XNzbOdc00qLYlLfpjEJIatGzSkA!!', 'timestamp': '2025-05-21T20:26:07+08:00'}
2025-05-21 20:26:43,078	[INFO]	(main.py:89)on_group_at_message_create	{'id': 'ROBOT1.0_gh8fpwJNjAbqx1DPfhhlYoColY3AZFL5oKMo0ayElIjCgGKbvgzsTN9Pa9ExJyHRVnqpAoHL9-vJtkUhNBLLzg!!', 'timestamp': '2025-05-21T20:26:44+08:00'}
2025-05-21 20:27:16,506	[INFO]	(main.py:89)on_group_at_message_create	{'id': 'ROBOT1.0_gh8fpwJNjAbqx1DPfhhlYukjW1gIt9ylUrZ9t.YT1K.Cgykyas98QBeefdyXQZL3mdKy4jJUIb0cnt.IOOf-AQ!!', 'timestamp': '2025-05-21T20:27:17+08:00'}
2025-05-21 20:27:35,527	[INFO]	(main.py:89)on_group_at_message_create	{'id': 'ROBOT1.0_gh8fpwJNjAbqx1DPfhhlYsqJ0Vr6JmT0UZk8nIQorzQUYyp-9hcleszogitWqVzkU7XjNA2L1GsWtG37cDGgMA!!', 'timestamp': '2025-05-21T20:27:36+08:00'}
2025-05-21 20:27:44,302	[INFO]	(main.py:89)on_group_at_message_create	{'id': 'ROBOT1.0_gh8fpwJNjAbqx1DPfhhlYnN0RcPghBfbjjB9k-0AL0jruBHn9.6W4T7Ww6--HzStpQgiVsJCMe2FtbqGmD4kNg!!', 'timestamp': '2025-05-21T20:27:45+08:00'}
2025-05-21 20:28:02,563	[INFO]	(main.py:89)on_group_at_message_create	{'id': 'ROBOT1.0_gh8fpwJNjAbqx1DPfhhlYu1W1AD.RdtNzUx7CG9Z0kQuPYXLDX87HwGUweS7jlSSF.ucqfumdF9.525OjJkSyQ!!', 'timestamp': '2025-05-21T20:28:03+08:00'}
2025-05-21 20:28:46,530	[INFO]	(main.py:89)on_group_at_message_create	{'id': 'ROBOT1.0_gh8fpwJNjAbqx1DPfhhlYteE-gZfRoL2znG5ZANSHaxcA2Gjxtu7zEE6Ve-H5iGw6vq-LN.FSbyZtmN2GjF4Nw!!', 'timestamp': '2025-05-21T20:28:47+08:00'}
2025-05-21 20:32:50,870	[INFO]	(robot.py:65)update_access_token	[botpy] access_token expires_in 7119
2025-05-21 20:32:51,497	[INFO]	(main.py:89)on_group_at_message_create	{'id': 'ROBOT1.0_gh8fpwJNjAbqx1DPfhhlYqJCbhGSecW91juk0Tm74Tx.VLuDQ-rtyJoiNhanhm69vQmqyrfUbx72dWbH7fGUHw!!', 'timestamp': '2025-05-21T20:32:52+08:00'}
2025-05-21 20:33:19,895	[INFO]	(main.py:89)on_group_at_message_create	{'id': 'ROBOT1.0_gh8fpwJNjAbqx1DPfhhlYhSMyMo.266OqjfOOy3LT4X-RLCmG-8eLtitKH3MX92iXmna.i8WGPy86mdwW9OUnw!!', 'timestamp': '2025-05-21T20:33:20+08:00'}
2025-05-21 20:35:38,842	[INFO]	(main.py:89)on_group_at_message_create	{'id': 'ROBOT1.0_gh8fpwJNjAbqx1DPfhhlYqNBB6CWSBvtLH4Z2c2JXKXz.ALm2Qv01hd9QKFH33BSKfm6mskLAu3KHBdWAIxaLg!!', 'timestamp': '2025-05-21T20:35:39+08:00'}
2025-05-21 20:37:02,185	[INFO]	(client.py:162)_bot_login	[botpy] 登录机器人账号中...
2025-05-21 20:37:02,410	[INFO]	(robot.py:65)update_access_token	[botpy] access_token expires_in 6868
2025-05-21 20:37:02,898	[INFO]	(client.py:181)_bot_init	[botpy] 程序启动...
2025-05-21 20:37:02,898	[INFO]	(connection.py:60)multi_run	[botpy] 最大并发连接数: 1, 启动会话数: 1
2025-05-21 20:37:02,898	[INFO]	(client.py:242)bot_connect	[botpy] 会话启动中...
2025-05-21 20:37:02,898	[INFO]	(gateway.py:115)ws_connect	[botpy] 启动中...
2025-05-21 20:37:03,036	[INFO]	(gateway.py:142)ws_identify	[botpy] 鉴权中...
2025-05-21 20:37:03,136	[INFO]	(gateway.py:85)on_message	[botpy] 机器人「The_PRTS-测试中」启动成功！
2025-05-21 20:37:03,136	[INFO]	(gateway.py:223)_send_heart	[botpy] 心跳维持启动...
2025-05-21 20:37:03,137	[INFO]	(main.py:18)on_ready	robot 「The_PRTS-测试中」 on_ready!
2025-05-21 20:37:34,474	[INFO]	(main.py:94)on_group_at_message_create	{'id': 'ROBOT1.0_gh8fpwJNjAbqx1DPfhhlYtAZ9euNB7mOIPIhc-DiqkXgAhoBXur0.AX3MrwNKieZq4oixTFscC3dec0URJGUGQ!!', 'timestamp': '2025-05-21T20:37:35+08:00'}
2025-05-21 20:39:05,365	[INFO]	(main.py:94)on_group_at_message_create	{'id': 'ROBOT1.0_gh8fpwJNjAbqx1DPfhhlYliLvm0vFfCQWPf.UgiQtmy8213.tthk9F8B6wcdbxq-0EPYWilQpMq-3RUwiKK-EA!!', 'timestamp': '2025-05-21T20:39:06+08:00'}
2025-05-21 20:40:20,387	[INFO]	(main.py:94)on_group_at_message_create	{'id': 'ROBOT1.0_gh8fpwJNjAbqx1DPfhhlYiRie3.6q7cjOos2vFXSYkAdF3lDxVFQfRQ8Fj2rCiggNwhaup1qBEjARRVMMnPBfw!!', 'timestamp': '2025-05-21T20:40:21+08:00'}
2025-05-21 20:42:11,664	[INFO]	(main.py:94)on_group_at_message_create	{'id': 'ROBOT1.0_gh8fpwJNjAbqx1DPfhhlYkEUUfjlDLzDc8AZbZnTCpo6syCaPHs6ASWaNb65OLAFfQJvyQWvV.9G-gLubi4LDQ!!', 'timestamp': '2025-05-21T20:42:12+08:00'}
2025-05-21 20:43:19,109	[INFO]	(main.py:94)on_group_at_message_create	{'id': 'ROBOT1.0_gh8fpwJNjAbqx1DPfhhlYkN05HDeXolk6hzEXnEtC2zEM7jzmebhD7BPuM7wJ-1QP.Fs7tOcGgo6Vb.6CsxRWQ!!', 'timestamp': '2025-05-21T20:43:20+08:00'}
2025-05-21 20:43:55,761	[INFO]	(main.py:94)on_group_at_message_create	{'id': 'ROBOT1.0_gh8fpwJNjAbqx1DPfhhlYolbPgcCE4MfHnuhLIcv.GGsm3X6Ybzdht3X.sBgjuCjYHda.VJRnH7ReXzGDz9xZw!!', 'timestamp': '2025-05-21T20:43:56+08:00'}
2025-05-21 20:44:47,781	[INFO]	(main.py:94)on_group_at_message_create	{'id': 'ROBOT1.0_gh8fpwJNjAbqx1DPfhhlYoxpmXjVBtT5be9Jflhas69LbwiX5Jjo8HeDLZZbtBz8REFvlMIrkLreHiM2VySviA!!', 'timestamp': '2025-05-21T20:44:48+08:00'}
2025-05-21 20:46:08,290	[INFO]	(main.py:94)on_group_at_message_create	{'id': 'ROBOT1.0_gh8fpwJNjAbqx1DPfhhlYnJRHurgEfF080PKjqu3GvJl617LKvZ4efrj8PMfXRDv7iXQiuP4hGctYtNau.O-Kg!!', 'timestamp': '2025-05-21T20:46:09+08:00'}
2025-05-21 20:47:17,566	[INFO]	(main.py:94)on_group_at_message_create	{'id': 'ROBOT1.0_gh8fpwJNjAbqx1DPfhhlYvpy8xJFBvuxWr3DBFWPdEGg2yIAhvTMkY37GMqMM-VBJNBgAWRFfhka0xYvxgl-wg!!', 'timestamp': '2025-05-21T20:47:18+08:00'}
2025-05-21 20:48:10,138	[INFO]	(main.py:94)on_group_at_message_create	{'id': 'ROBOT1.0_gh8fpwJNjAbqx1DPfhhlYhlunDQuqFxZrFz36vOPd.k73DTC7nb6aKHN-a9ecjDeXORwqUW0wEAhF4ClBTPYiQ!!', 'timestamp': '2025-05-21T20:48:11+08:00'}
2025-05-21 20:49:27,816	[INFO]	(main.py:94)on_group_at_message_create	{'id': 'ROBOT1.0_gh8fpwJNjAbqx1DPfhhlYm9q74tlvYYGNZrL9jzmj2Iwf3vz95TgWvjT4a4VOujQ9O2AjQ36srSXUJsDkI6Q3Q!!', 'timestamp': '2025-05-21T20:49:28+08:00'}
2025-05-21 20:49:51,720	[INFO]	(main.py:94)on_group_at_message_create	{'id': 'ROBOT1.0_gh8fpwJNjAbqx1DPfhhlYq1Ia6rNlBOhgFzOpkHHi02m.aYL1UytxvWVsLUWkXsnkZbpAvKdpW9hg5weKsOFgA!!', 'timestamp': '2025-05-21T20:49:52+08:00'}
2025-05-21 20:50:11,596	[INFO]	(client.py:162)_bot_login	[botpy] 登录机器人账号中...
2025-05-21 20:50:11,898	[INFO]	(robot.py:65)update_access_token	[botpy] access_token expires_in 6078
2025-05-21 20:50:12,398	[INFO]	(client.py:181)_bot_init	[botpy] 程序启动...
2025-05-21 20:50:12,398	[INFO]	(connection.py:60)multi_run	[botpy] 最大并发连接数: 1, 启动会话数: 1
2025-05-21 20:50:12,398	[INFO]	(client.py:242)bot_connect	[botpy] 会话启动中...
2025-05-21 20:50:12,398	[INFO]	(gateway.py:115)ws_connect	[botpy] 启动中...
2025-05-21 20:50:12,551	[INFO]	(gateway.py:142)ws_identify	[botpy] 鉴权中...
2025-05-21 20:50:12,662	[INFO]	(gateway.py:85)on_message	[botpy] 机器人「The_PRTS-测试中」启动成功！
2025-05-21 20:50:12,662	[INFO]	(gateway.py:223)_send_heart	[botpy] 心跳维持启动...
2025-05-21 20:50:12,662	[INFO]	(main.py:18)on_ready	robot 「The_PRTS-测试中」 on_ready!
2025-05-21 20:51:22,898	[INFO]	(main.py:94)on_group_at_message_create	{'id': 'ROBOT1.0_gh8fpwJNjAbqx1DPfhhlYuwg7d0TTbh6olE0x3sMa6h-LOYmSbIXuZ7N3bVayE9mi5zu3Y71x14o6DaYQp84zw!!', 'timestamp': '2025-05-21T20:51:23+08:00'}
2025-05-21 20:52:17,083	[INFO]	(client.py:162)_bot_login	[botpy] 登录机器人账号中...
2025-05-21 20:52:17,296	[INFO]	(robot.py:65)update_access_token	[botpy] access_token expires_in 5953
2025-05-21 20:52:17,768	[INFO]	(client.py:181)_bot_init	[botpy] 程序启动...
2025-05-21 20:52:17,768	[INFO]	(connection.py:60)multi_run	[botpy] 最大并发连接数: 1, 启动会话数: 1
2025-05-21 20:52:17,769	[INFO]	(client.py:242)bot_connect	[botpy] 会话启动中...
2025-05-21 20:52:17,769	[INFO]	(gateway.py:115)ws_connect	[botpy] 启动中...
2025-05-21 20:52:17,923	[INFO]	(gateway.py:142)ws_identify	[botpy] 鉴权中...
2025-05-21 20:52:18,026	[INFO]	(gateway.py:85)on_message	[botpy] 机器人「The_PRTS-测试中」启动成功！
2025-05-21 20:52:18,026	[INFO]	(gateway.py:223)_send_heart	[botpy] 心跳维持启动...
2025-05-21 20:52:18,026	[INFO]	(main.py:18)on_ready	robot 「The_PRTS-测试中」 on_ready!
2025-05-21 20:52:38,018	[INFO]	(main.py:96)on_group_at_message_create	{'id': 'ROBOT1.0_gh8fpwJNjAbqx1DPfhhlYkhys3Ijg5YRAB5gwgNSlzrrzUmjFwjxGxAec8MXoEKsxXxJhIHBdneqAuj5FZ45WA!!', 'timestamp': '2025-05-21T20:52:39+08:00'}
2025-05-21 23:19:38,480	[INFO]	(client.py:162)_bot_login	[botpy] 登录机器人账号中...
2025-05-21 23:19:38,890	[INFO]	(robot.py:65)update_access_token	[botpy] access_token expires_in 7200
2025-05-21 23:19:39,345	[INFO]	(client.py:181)_bot_init	[botpy] 程序启动...
2025-05-21 23:19:39,345	[INFO]	(connection.py:60)multi_run	[botpy] 最大并发连接数: 1, 启动会话数: 1
2025-05-21 23:19:39,345	[INFO]	(client.py:242)bot_connect	[botpy] 会话启动中...
2025-05-21 23:19:39,345	[INFO]	(gateway.py:115)ws_connect	[botpy] 启动中...
2025-05-21 23:19:39,473	[INFO]	(gateway.py:142)ws_identify	[botpy] 鉴权中...
2025-05-21 23:19:39,569	[INFO]	(gateway.py:85)on_message	[botpy] 机器人「The_PRTS-测试中」启动成功！
2025-05-21 23:19:39,569	[INFO]	(gateway.py:223)_send_heart	[botpy] 心跳维持启动...
2025-05-21 23:19:39,569	[INFO]	(main.py:18)on_ready	robot 「The_PRTS-测试中」 on_ready!
2025-05-21 23:20:27,279	[WARNING]	(http.py:192)request	请求超时，请求连接: https://sandbox.api.sgroup.qq.com/v2/groups/2078EB9E50A2A3A372D2F03047B60102/messages
2025-05-21 23:20:27,279	[INFO]	(main.py:96)on_group_at_message_create	None
2025-05-21 23:20:27,960	[INFO]	(main.py:96)on_group_at_message_create	{'id': 'ROBOT1.0_gh8fpwJNjAbqx1DPfhhlYkUkL9F7LjqRRcZrZNoJ1wf3E.8JgnPCSe1ADgx53DKWNrFz49BYGtg3ddddlYWNeg!!', 'timestamp': '2025-05-21T23:20:29+08:00'}
2025-05-21 23:21:26,339	[INFO]	(main.py:96)on_group_at_message_create	{'id': 'ROBOT1.0_gh8fpwJNjAbqx1DPfhhlYkLtDaI5JYGMbjQexaNVbRc386XGlfvyfjlvuWUW27gcHWCHWipp0qdSdV2s2WD0pw!!', 'timestamp': '2025-05-21T23:21:27+08:00'}
2025-05-21 23:22:47,477	[INFO]	(main.py:96)on_group_at_message_create	{'id': 'ROBOT1.0_gh8fpwJNjAbqx1DPfhhlYhrCo4OwT9.dth.KcD8KktGv2EjgU7G.nyNQ4L.Y8N3yaSsXiPCorFKpddo2GroAIA!!', 'timestamp': '2025-05-21T23:22:48+08:00'}
2025-05-21 23:24:14,830	[INFO]	(main.py:96)on_group_at_message_create	{'id': 'ROBOT1.0_gh8fpwJNjAbqx1DPfhhlYotQ0.tFD6rN5-2EJ1W2a-Yj56QbmU5OZjMvqE2I9V0nzUtuyyNS7Jh4fHNsXSWkzg!!', 'timestamp': '2025-05-21T23:24:15+08:00'}
2025-05-21 23:28:50,636	[INFO]	(client.py:162)_bot_login	[botpy] 登录机器人账号中...
2025-05-21 23:28:50,857	[INFO]	(robot.py:65)update_access_token	[botpy] access_token expires_in 6648
2025-05-21 23:28:51,411	[INFO]	(client.py:181)_bot_init	[botpy] 程序启动...
2025-05-21 23:28:51,411	[INFO]	(connection.py:60)multi_run	[botpy] 最大并发连接数: 1, 启动会话数: 1
2025-05-21 23:28:51,411	[INFO]	(client.py:242)bot_connect	[botpy] 会话启动中...
2025-05-21 23:28:51,411	[INFO]	(gateway.py:115)ws_connect	[botpy] 启动中...
2025-05-21 23:28:51,556	[INFO]	(gateway.py:142)ws_identify	[botpy] 鉴权中...
2025-05-21 23:28:51,648	[INFO]	(gateway.py:85)on_message	[botpy] 机器人「The_PRTS-测试中」启动成功！
2025-05-21 23:28:51,648	[INFO]	(gateway.py:223)_send_heart	[botpy] 心跳维持启动...
2025-05-21 23:28:51,648	[INFO]	(main.py:18)on_ready	robot 「The_PRTS-测试中」 on_ready!
2025-05-21 23:36:34,186	[INFO]	(client.py:162)_bot_login	[botpy] 登录机器人账号中...
2025-05-21 23:36:34,396	[INFO]	(robot.py:65)update_access_token	[botpy] access_token expires_in 6184
2025-05-21 23:36:34,890	[INFO]	(client.py:181)_bot_init	[botpy] 程序启动...
2025-05-21 23:36:34,890	[INFO]	(connection.py:60)multi_run	[botpy] 最大并发连接数: 1, 启动会话数: 1
2025-05-21 23:36:34,890	[INFO]	(client.py:242)bot_connect	[botpy] 会话启动中...
2025-05-21 23:36:34,890	[INFO]	(gateway.py:115)ws_connect	[botpy] 启动中...
2025-05-21 23:36:35,048	[INFO]	(gateway.py:142)ws_identify	[botpy] 鉴权中...
2025-05-21 23:36:35,150	[INFO]	(gateway.py:85)on_message	[botpy] 机器人「The_PRTS-测试中」启动成功！
2025-05-21 23:36:35,150	[INFO]	(gateway.py:223)_send_heart	[botpy] 心跳维持启动...
2025-05-21 23:36:35,150	[INFO]	(main.py:18)on_ready	robot 「The_PRTS-测试中」 on_ready!
2025-05-21 23:37:35,933	[INFO]	(client.py:162)_bot_login	[botpy] 登录机器人账号中...
2025-05-21 23:37:36,173	[INFO]	(robot.py:65)update_access_token	[botpy] access_token expires_in 6123
2025-05-21 23:37:36,634	[INFO]	(client.py:181)_bot_init	[botpy] 程序启动...
2025-05-21 23:37:36,634	[INFO]	(connection.py:60)multi_run	[botpy] 最大并发连接数: 1, 启动会话数: 1
2025-05-21 23:37:36,634	[INFO]	(client.py:242)bot_connect	[botpy] 会话启动中...
2025-05-21 23:37:36,634	[INFO]	(gateway.py:115)ws_connect	[botpy] 启动中...
2025-05-21 23:37:36,770	[INFO]	(gateway.py:142)ws_identify	[botpy] 鉴权中...
2025-05-21 23:37:36,869	[INFO]	(gateway.py:85)on_message	[botpy] 机器人「The_PRTS-测试中」启动成功！
2025-05-21 23:37:36,869	[INFO]	(gateway.py:223)_send_heart	[botpy] 心跳维持启动...
2025-05-21 23:37:36,870	[INFO]	(main.py:18)on_ready	robot 「The_PRTS-测试中」 on_ready!
2025-05-21 23:37:51,641	[INFO]	(main.py:96)on_group_at_message_create	{'id': 'ROBOT1.0_gh8fpwJNjAbqx1DPfhhlYoo4jxcbIZlVaKwtsEbK9S6Uu5lElr2xvsrD1sesf3-1Mckjz6ZUH.DzaWBHuxmOgQ!!', 'timestamp': '2025-05-21T23:37:52+08:00'}
2025-05-21 23:40:00,097	[INFO]	(client.py:162)_bot_login	[botpy] 登录机器人账号中...
2025-05-21 23:40:00,324	[INFO]	(robot.py:65)update_access_token	[botpy] access_token expires_in 5979
2025-05-21 23:40:00,860	[INFO]	(client.py:181)_bot_init	[botpy] 程序启动...
2025-05-21 23:40:00,860	[INFO]	(connection.py:60)multi_run	[botpy] 最大并发连接数: 1, 启动会话数: 1
2025-05-21 23:40:00,860	[INFO]	(client.py:242)bot_connect	[botpy] 会话启动中...
2025-05-21 23:40:00,860	[INFO]	(gateway.py:115)ws_connect	[botpy] 启动中...
2025-05-21 23:40:01,003	[INFO]	(gateway.py:142)ws_identify	[botpy] 鉴权中...
2025-05-21 23:40:01,092	[INFO]	(gateway.py:85)on_message	[botpy] 机器人「The_PRTS-测试中」启动成功！
2025-05-21 23:40:01,092	[INFO]	(gateway.py:223)_send_heart	[botpy] 心跳维持启动...
2025-05-21 23:40:01,092	[INFO]	(main.py:18)on_ready	robot 「The_PRTS-测试中」 on_ready!
2025-05-21 23:41:28,923	[INFO]	(main.py:96)on_group_at_message_create	{'id': 'ROBOT1.0_gh8fpwJNjAbqx1DPfhhlYpGv8dbXLktfgU98dItJSvugZGnx5KT5BIADbH1erPZSmeEWlRiTBosWVLUcJ2z1EQ!!', 'timestamp': '2025-05-21T23:41:30+08:00'}
2025-05-21 23:42:10,661	[INFO]	(main.py:96)on_group_at_message_create	{'id': 'ROBOT1.0_gh8fpwJNjAbqx1DPfhhlYrL1aA8DZC0atRlPviMF4alGuWu.oeS68H-YnNqEfd1DSB1KAbQW5tDJpJhIjDeIGA!!', 'timestamp': '2025-05-21T23:42:11+08:00'}
2025-05-21 23:42:23,449	[INFO]	(main.py:96)on_group_at_message_create	{'id': 'ROBOT1.0_gh8fpwJNjAbqx1DPfhhlYjl10N27zq7.rjTZO4CxPa3vfzzjtyF5tI4R8T28SwvWoyDnhBWi5l6y5yn8fYqh9Q!!', 'timestamp': '2025-05-21T23:42:24+08:00'}
2025-05-21 23:42:53,869	[INFO]	(main.py:96)on_group_at_message_create	{'id': 'ROBOT1.0_gh8fpwJNjAbqx1DPfhhlYrFWnY-pjLOczn3epLhWfCd9JiAf43uBA7miaZW8xxpcI58Sbcg68dEWidvVz0.QlQ!!', 'timestamp': '2025-05-21T23:42:55+08:00'}
2025-05-21 23:43:40,413	[INFO]	(main.py:96)on_group_at_message_create	{'id': 'ROBOT1.0_gh8fpwJNjAbqx1DPfhhlYmjxiYrIs.kQ3En9iVLbWwNgVz.pjL4wKuoiI4wLGV5n1.DLJTD0ezhdJoQ.fXhnDQ!!', 'timestamp': '2025-05-21T23:43:41+08:00'}
2025-05-21 23:44:12,425	[INFO]	(main.py:96)on_group_at_message_create	{'id': 'ROBOT1.0_gh8fpwJNjAbqx1DPfhhlYnQMY8vhXG5lGm4PQVS1oHPnie3X.R2Mf67DmngB6NydwhtlFg.-Zqd3CCrbVHtqAw!!', 'timestamp': '2025-05-21T23:44:13+08:00'}
2025-05-21 23:44:44,216	[WARNING]	(http.py:192)request	请求超时，请求连接: https://sandbox.api.sgroup.qq.com/v2/groups/2078EB9E50A2A3A372D2F03047B60102/messages
2025-05-21 23:44:44,216	[INFO]	(main.py:96)on_group_at_message_create	None
2025-05-21 23:44:44,861	[INFO]	(main.py:96)on_group_at_message_create	{'id': 'ROBOT1.0_gh8fpwJNjAbqx1DPfhhlYligtPrhe1GHRXt5pmwl1ybsjAi8pQ6-.qydvMw2bDkBwg-HKPq-DY35ttTrxnYGOg!!', 'timestamp': '2025-05-21T23:44:46+08:00'}
2025-05-21 23:44:55,979	[INFO]	(main.py:96)on_group_at_message_create	{'id': 'ROBOT1.0_gh8fpwJNjAbqx1DPfhhlYpuueKl3yeH6S6Xawbtjrtz1inAhBPF9WmddU-sAsqlNoszz4HM3qFJGrNwvQ0ML7A!!', 'timestamp': '2025-05-21T23:44:57+08:00'}
2025-05-21 23:45:20,250	[INFO]	(main.py:96)on_group_at_message_create	{'id': 'ROBOT1.0_gh8fpwJNjAbqx1DPfhhlYjMHU-ess5cVIY3qrfuvqrdwWvesmu7Ay-E1gDv4hJRFV8lD6Dz5uieC-1ThN0T9fQ!!', 'timestamp': '2025-05-21T23:45:21+08:00'}
2025-05-21 23:47:15,358	[INFO]	(main.py:96)on_group_at_message_create	{'id': 'ROBOT1.0_gh8fpwJNjAbqx1DPfhhlYjJTqnIYculOvUQfIRwWmr7IStlpOeiRadyI7dxvzJ6Yh0pkYmXiswIuNWXZFkKMlA!!', 'timestamp': '2025-05-21T23:47:16+08:00'}
2025-05-21 23:47:56,153	[INFO]	(main.py:96)on_group_at_message_create	{'id': 'ROBOT1.0_gh8fpwJNjAbqx1DPfhhlYsxNx0ZdXg7ih4X7px.qqB8MGrSB9wBnVuye3EDdPacz-3cGM-68rcNz2ccNG77fng!!', 'timestamp': '2025-05-21T23:47:57+08:00'}
2025-05-21 23:48:24,672	[INFO]	(main.py:96)on_group_at_message_create	{'id': 'ROBOT1.0_gh8fpwJNjAbqx1DPfhhlYhlJBq6y0l2ck9DGfbvypIwof.S-QCe84CpluIOqb7l5fApcVTqIJv0dpF.1gbqMRw!!', 'timestamp': '2025-05-21T23:48:25+08:00'}
2025-05-21 23:50:05,569	[INFO]	(main.py:96)on_group_at_message_create	{'id': 'ROBOT1.0_gh8fpwJNjAbqx1DPfhhlYltu1BgMvm2wV66Fn3pdLlh1D0MiEmaWPbcHNGUnlI3Y6K449YiUThfbEjQqiY..mg!!', 'timestamp': '2025-05-21T23:50:06+08:00'}
2025-05-21 23:52:50,230	[INFO]	(main.py:96)on_group_at_message_create	{'id': 'ROBOT1.0_gh8fpwJNjAbqx1DPfhhlYhHyfxzw.qZ9fUu-L2OVFMKFpcKTgNiwmR77Z81ak2vUPsiZfKSKA64S2cZPEMJJ2A!!', 'timestamp': '2025-05-21T23:52:51+08:00'}
2025-05-21 23:55:33,199	[INFO]	(client.py:162)_bot_login	[botpy] 登录机器人账号中...
2025-05-21 23:55:33,425	[INFO]	(robot.py:65)update_access_token	[botpy] access_token expires_in 5045
2025-05-21 23:55:33,853	[INFO]	(client.py:181)_bot_init	[botpy] 程序启动...
2025-05-21 23:55:33,853	[INFO]	(connection.py:60)multi_run	[botpy] 最大并发连接数: 1, 启动会话数: 1
2025-05-21 23:55:33,853	[INFO]	(client.py:242)bot_connect	[botpy] 会话启动中...
2025-05-21 23:55:33,853	[INFO]	(gateway.py:115)ws_connect	[botpy] 启动中...
2025-05-21 23:55:33,995	[INFO]	(gateway.py:142)ws_identify	[botpy] 鉴权中...
2025-05-21 23:55:34,088	[INFO]	(gateway.py:85)on_message	[botpy] 机器人「The_PRTS-测试中」启动成功！
2025-05-21 23:55:34,089	[INFO]	(gateway.py:223)_send_heart	[botpy] 心跳维持启动...
2025-05-21 23:55:34,089	[INFO]	(main.py:18)on_ready	robot 「The_PRTS-测试中」 on_ready!
2025-05-21 23:56:41,834	[INFO]	(main.py:96)on_group_at_message_create	{'id': 'ROBOT1.0_gh8fpwJNjAbqx1DPfhhlYgUKGNKWgxdxTlU47MuGAJm3AJ07HNmsHlg5kpeqF0NlHY4yONl5olSmPKgflgMzbw!!', 'timestamp': '2025-05-21T23:56:43+08:00'}
2025-05-21 23:57:20,100	[INFO]	(main.py:96)on_group_at_message_create	{'id': 'ROBOT1.0_gh8fpwJNjAbqx1DPfhhlYs2DG9KvUALfL8rkN779NiFax3r-n5RC10GP8DcC2PhsqkiV7zSMkAG.C20u924ZkA!!', 'timestamp': '2025-05-21T23:57:21+08:00'}
2025-05-22 00:06:43,725	[INFO]	(client.py:162)_bot_login	[botpy] 登录机器人账号中...
2025-05-22 00:06:44,090	[INFO]	(robot.py:65)update_access_token	[botpy] access_token expires_in 4375
2025-05-22 00:06:44,585	[INFO]	(client.py:181)_bot_init	[botpy] 程序启动...
2025-05-22 00:06:44,585	[INFO]	(connection.py:60)multi_run	[botpy] 最大并发连接数: 1, 启动会话数: 1
2025-05-22 00:06:44,585	[INFO]	(client.py:242)bot_connect	[botpy] 会话启动中...
2025-05-22 00:06:44,585	[INFO]	(gateway.py:115)ws_connect	[botpy] 启动中...
2025-05-22 00:06:44,710	[INFO]	(gateway.py:142)ws_identify	[botpy] 鉴权中...
2025-05-22 00:06:44,799	[INFO]	(gateway.py:85)on_message	[botpy] 机器人「The_PRTS-测试中」启动成功！
2025-05-22 00:06:44,799	[INFO]	(gateway.py:223)_send_heart	[botpy] 心跳维持启动...
2025-05-22 00:06:44,799	[INFO]	(main.py:18)on_ready	robot 「The_PRTS-测试中」 on_ready!
2025-05-22 00:10:10,089	[INFO]	(client.py:162)_bot_login	[botpy] 登录机器人账号中...
2025-05-22 00:10:10,319	[INFO]	(robot.py:65)update_access_token	[botpy] access_token expires_in 4169
2025-05-22 00:10:10,851	[INFO]	(client.py:181)_bot_init	[botpy] 程序启动...
2025-05-22 00:10:10,851	[INFO]	(connection.py:60)multi_run	[botpy] 最大并发连接数: 1, 启动会话数: 1
2025-05-22 00:10:10,851	[INFO]	(client.py:242)bot_connect	[botpy] 会话启动中...
2025-05-22 00:10:10,851	[INFO]	(gateway.py:115)ws_connect	[botpy] 启动中...
2025-05-22 00:10:11,008	[INFO]	(gateway.py:142)ws_identify	[botpy] 鉴权中...
2025-05-22 00:10:11,124	[INFO]	(gateway.py:85)on_message	[botpy] 机器人「The_PRTS-测试中」启动成功！
2025-05-22 00:10:11,124	[INFO]	(gateway.py:223)_send_heart	[botpy] 心跳维持启动...
2025-05-22 00:10:11,124	[INFO]	(main.py:18)on_ready	robot 「The_PRTS-测试中」 on_ready!
2025-05-22 00:11:21,136	[INFO]	(main.py:97)on_group_at_message_create	{'id': 'ROBOT1.0_gh8fpwJNjAbqx1DPfhhlYlmGYKHYyZfxJhyJ23AfWSM5Fc2l-WrfEVwOZXFuG5z1JT8bfzyBMrtvmRHLemV.Uw!!', 'timestamp': '2025-05-22T00:11:22+08:00'}
2025-05-22 00:12:35,924	[INFO]	(client.py:162)_bot_login	[botpy] 登录机器人账号中...
2025-05-22 00:12:36,134	[INFO]	(robot.py:65)update_access_token	[botpy] access_token expires_in 4023
2025-05-22 00:12:36,603	[INFO]	(client.py:181)_bot_init	[botpy] 程序启动...
2025-05-22 00:12:36,603	[INFO]	(connection.py:60)multi_run	[botpy] 最大并发连接数: 1, 启动会话数: 1
2025-05-22 00:12:36,603	[INFO]	(client.py:242)bot_connect	[botpy] 会话启动中...
2025-05-22 00:12:36,603	[INFO]	(gateway.py:115)ws_connect	[botpy] 启动中...
2025-05-22 00:12:36,751	[INFO]	(gateway.py:142)ws_identify	[botpy] 鉴权中...
2025-05-22 00:12:36,840	[INFO]	(gateway.py:85)on_message	[botpy] 机器人「The_PRTS-测试中」启动成功！
2025-05-22 00:12:36,840	[INFO]	(gateway.py:223)_send_heart	[botpy] 心跳维持启动...
2025-05-22 00:12:36,840	[INFO]	(main.py:18)on_ready	robot 「The_PRTS-测试中」 on_ready!
2025-05-22 00:13:12,475	[INFO]	(main.py:98)on_group_at_message_create	{'id': 'ROBOT1.0_gh8fpwJNjAbqx1DPfhhlYp1vj6el7uFgmOg8QLABCeqJo.C3Yi8QbZWYlSLsWYu3U290ZTnrmEELIMlXgeu3Yg!!', 'timestamp': '2025-05-22T00:13:13+08:00'}
2025-05-22 00:15:49,169	[INFO]	(client.py:162)_bot_login	[botpy] 登录机器人账号中...
2025-05-22 00:15:49,389	[INFO]	(robot.py:65)update_access_token	[botpy] access_token expires_in 3829
2025-05-22 00:15:49,861	[INFO]	(client.py:181)_bot_init	[botpy] 程序启动...
2025-05-22 00:15:49,861	[INFO]	(connection.py:60)multi_run	[botpy] 最大并发连接数: 1, 启动会话数: 1
2025-05-22 00:15:49,861	[INFO]	(client.py:242)bot_connect	[botpy] 会话启动中...
2025-05-22 00:15:49,861	[INFO]	(gateway.py:115)ws_connect	[botpy] 启动中...
2025-05-22 00:15:49,993	[INFO]	(gateway.py:142)ws_identify	[botpy] 鉴权中...
2025-05-22 00:15:50,082	[INFO]	(gateway.py:85)on_message	[botpy] 机器人「The_PRTS-测试中」启动成功！
2025-05-22 00:15:50,083	[INFO]	(gateway.py:223)_send_heart	[botpy] 心跳维持启动...
2025-05-22 00:15:50,083	[INFO]	(main.py:18)on_ready	robot 「The_PRTS-测试中」 on_ready!
2025-05-22 00:17:21,180	[INFO]	(main.py:98)on_group_at_message_create	{'id': 'ROBOT1.0_gh8fpwJNjAbqx1DPfhhlYrFvI1baU0OI6ZRxjroPJ8A0GYm4Qjo01a5aguPLpoz-PheKutlnpaprXUa26uWg5g!!', 'timestamp': '2025-05-22T00:17:22+08:00'}
2025-05-22 00:19:03,699	[INFO]	(client.py:162)_bot_login	[botpy] 登录机器人账号中...
2025-05-22 00:19:03,909	[INFO]	(robot.py:65)update_access_token	[botpy] access_token expires_in 3635
2025-05-22 00:19:04,385	[INFO]	(client.py:181)_bot_init	[botpy] 程序启动...
2025-05-22 00:19:04,385	[INFO]	(connection.py:60)multi_run	[botpy] 最大并发连接数: 1, 启动会话数: 1
2025-05-22 00:19:04,386	[INFO]	(client.py:242)bot_connect	[botpy] 会话启动中...
2025-05-22 00:19:04,386	[INFO]	(gateway.py:115)ws_connect	[botpy] 启动中...
2025-05-22 00:19:04,531	[INFO]	(gateway.py:142)ws_identify	[botpy] 鉴权中...
2025-05-22 00:19:04,633	[INFO]	(gateway.py:85)on_message	[botpy] 机器人「The_PRTS-测试中」启动成功！
2025-05-22 00:19:04,633	[INFO]	(gateway.py:223)_send_heart	[botpy] 心跳维持启动...
2025-05-22 00:19:04,633	[INFO]	(main.py:18)on_ready	robot 「The_PRTS-测试中」 on_ready!
2025-05-22 00:20:09,622	[INFO]	(gateway.py:56)on_closed	[botpy] 关闭, 返回码: 1006, 返回信息: None
2025-05-22 00:20:09,622	[INFO]	(gateway.py:134)ws_connect	[botpy] ws关闭, 停止接收消息!
2025-05-22 00:20:10,282	[INFO]	(main.py:98)on_group_at_message_create	{'id': 'ROBOT1.0_gh8fpwJNjAbqx1DPfhhlYsTjjNTymdqpncALGso6S2jq3FdYwa0Ge8r0znU9Ju2veTRqFTRLiOBw67D4-Jn80A!!', 'timestamp': '2025-05-22T00:20:11+08:00'}
2025-05-22 00:20:14,627	[INFO]	(connection.py:60)multi_run	[botpy] 最大并发连接数: 1, 启动会话数: 1
2025-05-22 00:20:14,627	[INFO]	(client.py:242)bot_connect	[botpy] 会话启动中...
2025-05-22 00:20:14,627	[INFO]	(gateway.py:115)ws_connect	[botpy] 启动中...
2025-05-22 00:20:14,774	[INFO]	(gateway.py:175)ws_resume	[botpy] 重连启动...
2025-05-22 00:20:14,846	[INFO]	(gateway.py:90)on_message	[botpy] 机器人重连成功! 
2025-05-22 00:20:14,846	[INFO]	(gateway.py:223)_send_heart	[botpy] 心跳维持启动...
2025-05-22 00:22:55,540	[INFO]	(main.py:98)on_group_at_message_create	{'id': 'ROBOT1.0_gh8fpwJNjAbqx1DPfhhlYhOfRgjpMDRa6VgzYPT4o.zKoWI23grqp.T91ci.0D2oSACZLzDPSovda76eUTBwlg!!', 'timestamp': '2025-05-22T00:22:56+08:00'}
2025-05-22 00:26:34,447	[INFO]	(gateway.py:56)on_closed	[botpy] 关闭, 返回码: 1006, 返回信息: None
2025-05-22 00:26:34,447	[INFO]	(gateway.py:134)ws_connect	[botpy] ws关闭, 停止接收消息!
2025-05-22 00:26:35,125	[INFO]	(main.py:98)on_group_at_message_create	{'id': 'ROBOT1.0_gh8fpwJNjAbqx1DPfhhlYoLpm8p0g4rAOSIxMuC-jrmE21hOvxhFpAWXcL6PoBuk9ayhIOmw0bMbp8tNJBGSNQ!!', 'timestamp': '2025-05-22T00:26:36+08:00'}
2025-05-22 00:26:39,455	[INFO]	(connection.py:60)multi_run	[botpy] 最大并发连接数: 1, 启动会话数: 1
2025-05-22 00:26:39,455	[INFO]	(client.py:242)bot_connect	[botpy] 会话启动中...
2025-05-22 00:26:39,455	[INFO]	(gateway.py:115)ws_connect	[botpy] 启动中...
2025-05-22 00:26:39,609	[INFO]	(gateway.py:175)ws_resume	[botpy] 重连启动...
2025-05-22 00:26:39,684	[INFO]	(gateway.py:90)on_message	[botpy] 机器人重连成功! 
2025-05-22 00:26:39,684	[INFO]	(gateway.py:223)_send_heart	[botpy] 心跳维持启动...
2025-05-22 00:56:39,580	[INFO]	(gateway.py:56)on_closed	[botpy] 关闭, 返回码: 4009, 返回信息: Session timed out
2025-05-22 00:56:39,580	[INFO]	(gateway.py:134)ws_connect	[botpy] ws关闭, 停止接收消息!
2025-05-22 00:56:44,569	[INFO]	(connection.py:60)multi_run	[botpy] 最大并发连接数: 1, 启动会话数: 1
2025-05-22 00:56:44,569	[INFO]	(client.py:242)bot_connect	[botpy] 会话启动中...
2025-05-22 00:56:44,569	[INFO]	(gateway.py:115)ws_connect	[botpy] 启动中...
2025-05-22 00:56:44,732	[INFO]	(gateway.py:175)ws_resume	[botpy] 重连启动...
2025-05-22 00:56:44,820	[INFO]	(gateway.py:90)on_message	[botpy] 机器人重连成功! 
2025-05-22 00:56:44,821	[INFO]	(gateway.py:223)_send_heart	[botpy] 心跳维持启动...
2025-05-22 01:26:44,704	[INFO]	(gateway.py:56)on_closed	[botpy] 关闭, 返回码: 4009, 返回信息: Session timed out
2025-05-22 01:26:44,704	[INFO]	(gateway.py:134)ws_connect	[botpy] ws关闭, 停止接收消息!
2025-05-22 01:26:49,694	[INFO]	(connection.py:60)multi_run	[botpy] 最大并发连接数: 1, 启动会话数: 1
2025-05-22 01:26:49,694	[INFO]	(client.py:242)bot_connect	[botpy] 会话启动中...
2025-05-22 01:26:49,694	[INFO]	(gateway.py:115)ws_connect	[botpy] 启动中...
2025-05-22 01:26:49,843	[INFO]	(gateway.py:175)ws_resume	[botpy] 重连启动...
2025-05-22 01:26:50,253	[INFO]	(robot.py:65)update_access_token	[botpy] access_token expires_in 7200
2025-05-22 01:26:50,322	[INFO]	(gateway.py:90)on_message	[botpy] 机器人重连成功! 
2025-05-22 01:26:50,322	[INFO]	(gateway.py:223)_send_heart	[botpy] 心跳维持启动...
2025-05-22 01:56:49,812	[INFO]	(gateway.py:56)on_closed	[botpy] 关闭, 返回码: 4009, 返回信息: Session timed out
2025-05-22 01:56:49,814	[INFO]	(gateway.py:134)ws_connect	[botpy] ws关闭, 停止接收消息!
2025-05-22 01:56:54,813	[INFO]	(connection.py:60)multi_run	[botpy] 最大并发连接数: 1, 启动会话数: 1
2025-05-22 01:56:54,813	[INFO]	(client.py:242)bot_connect	[botpy] 会话启动中...
2025-05-22 01:56:54,813	[INFO]	(gateway.py:115)ws_connect	[botpy] 启动中...
2025-05-22 01:56:54,950	[INFO]	(gateway.py:175)ws_resume	[botpy] 重连启动...
2025-05-22 01:56:55,023	[INFO]	(gateway.py:90)on_message	[botpy] 机器人重连成功! 
2025-05-22 01:56:55,023	[INFO]	(gateway.py:223)_send_heart	[botpy] 心跳维持启动...
2025-05-22 11:31:45,243	[INFO]	(client.py:162)_bot_login	[botpy] 登录机器人账号中...
2025-05-22 11:31:45,572	[INFO]	(robot.py:65)update_access_token	[botpy] access_token expires_in 145
2025-05-22 11:31:46,065	[INFO]	(client.py:181)_bot_init	[botpy] 程序启动...
2025-05-22 11:31:46,065	[INFO]	(connection.py:60)multi_run	[botpy] 最大并发连接数: 1, 启动会话数: 1
2025-05-22 11:31:46,066	[INFO]	(client.py:242)bot_connect	[botpy] 会话启动中...
2025-05-22 11:31:46,066	[INFO]	(gateway.py:115)ws_connect	[botpy] 启动中...
2025-05-22 11:31:46,228	[INFO]	(gateway.py:142)ws_identify	[botpy] 鉴权中...
2025-05-22 11:31:46,325	[INFO]	(gateway.py:85)on_message	[botpy] 机器人「The_PRTS-测试中」启动成功！
2025-05-22 11:31:46,325	[INFO]	(gateway.py:223)_send_heart	[botpy] 心跳维持启动...
2025-05-22 11:31:46,325	[INFO]	(main.py:18)on_ready	robot 「The_PRTS-测试中」 on_ready!
2025-05-22 11:32:42,779	[INFO]	(main.py:98)on_group_at_message_create	{'id': 'ROBOT1.0_gh8fpwJNjAbqx1DPfhhlYi8JS-tgEjkICvT87VKtng4DjxoW86PO461HK4Gj77hRkPb4P8v5Zsv-YO1vpVBnUA!!', 'timestamp': '2025-05-22T11:32:43+08:00'}
2025-05-22 11:33:35,307	[INFO]	(main.py:98)on_group_at_message_create	{'id': 'ROBOT1.0_gh8fpwJNjAbqx1DPfhhlYsuLITLTMDatiduLJY0Yo7oj1Ay9kyH8UaPXYxMefS0yWqCZSqNq8HZy8njt.nkU9g!!', 'timestamp': '2025-05-22T11:33:35+08:00'}
2025-05-22 12:01:46,198	[INFO]	(gateway.py:56)on_closed	[botpy] 关闭, 返回码: 4009, 返回信息: Session timed out
2025-05-22 12:01:46,198	[INFO]	(gateway.py:134)ws_connect	[botpy] ws关闭, 停止接收消息!
2025-05-22 12:01:51,204	[INFO]	(connection.py:60)multi_run	[botpy] 最大并发连接数: 1, 启动会话数: 1
2025-05-22 12:01:51,204	[INFO]	(client.py:242)bot_connect	[botpy] 会话启动中...
2025-05-22 12:01:51,204	[INFO]	(gateway.py:115)ws_connect	[botpy] 启动中...
2025-05-22 12:01:51,351	[INFO]	(gateway.py:175)ws_resume	[botpy] 重连启动...
2025-05-22 12:01:51,658	[INFO]	(robot.py:65)update_access_token	[botpy] access_token expires_in 5503
2025-05-22 12:01:51,752	[INFO]	(gateway.py:90)on_message	[botpy] 机器人重连成功! 
2025-05-22 12:01:51,753	[INFO]	(gateway.py:223)_send_heart	[botpy] 心跳维持启动...
2025-05-22 12:31:51,321	[INFO]	(gateway.py:56)on_closed	[botpy] 关闭, 返回码: 4009, 返回信息: Session timed out
2025-05-22 12:31:51,321	[INFO]	(gateway.py:134)ws_connect	[botpy] ws关闭, 停止接收消息!
2025-05-22 12:31:56,333	[INFO]	(connection.py:60)multi_run	[botpy] 最大并发连接数: 1, 启动会话数: 1
2025-05-22 12:31:56,333	[INFO]	(client.py:242)bot_connect	[botpy] 会话启动中...
2025-05-22 12:31:56,333	[INFO]	(gateway.py:115)ws_connect	[botpy] 启动中...
2025-05-22 12:31:56,468	[INFO]	(gateway.py:175)ws_resume	[botpy] 重连启动...
2025-05-22 12:31:56,547	[INFO]	(gateway.py:90)on_message	[botpy] 机器人重连成功! 
2025-05-22 12:31:56,547	[INFO]	(gateway.py:223)_send_heart	[botpy] 心跳维持启动...
2025-05-22 13:01:56,439	[INFO]	(gateway.py:56)on_closed	[botpy] 关闭, 返回码: 4009, 返回信息: Session timed out
2025-05-22 13:01:56,439	[INFO]	(gateway.py:134)ws_connect	[botpy] ws关闭, 停止接收消息!
2025-05-22 13:02:01,439	[INFO]	(connection.py:60)multi_run	[botpy] 最大并发连接数: 1, 启动会话数: 1
2025-05-22 13:02:01,439	[INFO]	(client.py:242)bot_connect	[botpy] 会话启动中...
2025-05-22 13:02:01,439	[INFO]	(gateway.py:115)ws_connect	[botpy] 启动中...
2025-05-22 13:02:01,570	[INFO]	(gateway.py:175)ws_resume	[botpy] 重连启动...
2025-05-22 13:02:01,650	[INFO]	(gateway.py:90)on_message	[botpy] 机器人重连成功! 
2025-05-22 13:02:01,650	[INFO]	(gateway.py:223)_send_heart	[botpy] 心跳维持启动...
2025-05-22 13:32:01,543	[INFO]	(gateway.py:56)on_closed	[botpy] 关闭, 返回码: 4009, 返回信息: Session timed out
2025-05-22 13:32:01,543	[INFO]	(gateway.py:134)ws_connect	[botpy] ws关闭, 停止接收消息!
2025-05-22 13:32:06,560	[INFO]	(connection.py:60)multi_run	[botpy] 最大并发连接数: 1, 启动会话数: 1
2025-05-22 13:32:06,562	[INFO]	(client.py:242)bot_connect	[botpy] 会话启动中...
2025-05-22 13:32:06,562	[INFO]	(gateway.py:115)ws_connect	[botpy] 启动中...
2025-05-22 13:32:06,702	[INFO]	(gateway.py:175)ws_resume	[botpy] 重连启动...
2025-05-22 13:32:06,791	[INFO]	(gateway.py:90)on_message	[botpy] 机器人重连成功! 
2025-05-22 13:32:06,791	[INFO]	(gateway.py:223)_send_heart	[botpy] 心跳维持启动...
2025-05-22 14:02:06,672	[INFO]	(gateway.py:56)on_closed	[botpy] 关闭, 返回码: 4009, 返回信息: Session timed out
2025-05-22 14:02:06,672	[INFO]	(gateway.py:134)ws_connect	[botpy] ws关闭, 停止接收消息!
2025-05-22 14:02:11,684	[INFO]	(connection.py:60)multi_run	[botpy] 最大并发连接数: 1, 启动会话数: 1
2025-05-22 14:02:11,687	[INFO]	(client.py:242)bot_connect	[botpy] 会话启动中...
2025-05-22 14:02:11,687	[INFO]	(gateway.py:115)ws_connect	[botpy] 启动中...
2025-05-22 14:02:11,855	[INFO]	(gateway.py:175)ws_resume	[botpy] 重连启动...
2025-05-22 14:02:12,289	[INFO]	(robot.py:65)update_access_token	[botpy] access_token expires_in 7200
2025-05-22 14:02:12,379	[INFO]	(gateway.py:90)on_message	[botpy] 机器人重连成功! 
2025-05-22 14:02:12,379	[INFO]	(gateway.py:223)_send_heart	[botpy] 心跳维持启动...
2025-05-22 14:32:11,827	[INFO]	(gateway.py:56)on_closed	[botpy] 关闭, 返回码: 4009, 返回信息: Session timed out
2025-05-22 14:32:11,827	[INFO]	(gateway.py:134)ws_connect	[botpy] ws关闭, 停止接收消息!
2025-05-22 14:32:16,830	[INFO]	(connection.py:60)multi_run	[botpy] 最大并发连接数: 1, 启动会话数: 1
2025-05-22 14:32:16,830	[INFO]	(client.py:242)bot_connect	[botpy] 会话启动中...
2025-05-22 14:32:16,830	[INFO]	(gateway.py:115)ws_connect	[botpy] 启动中...
2025-05-22 14:32:16,999	[INFO]	(gateway.py:175)ws_resume	[botpy] 重连启动...
2025-05-22 14:32:17,091	[INFO]	(gateway.py:90)on_message	[botpy] 机器人重连成功! 
2025-05-22 14:32:17,091	[INFO]	(gateway.py:223)_send_heart	[botpy] 心跳维持启动...
2025-05-22 14:44:37,694	[INFO]	(main.py:98)on_group_at_message_create	{'id': 'ROBOT1.0_gh8fpwJNjAbqx1DPfhhlYrE-48L9L3pcp1T1O7R4AEUmmuWVCzLEG0DQn5c2gbO01jvLEcKLul1vGTj-xU9kFA!!', 'timestamp': '2025-05-22T14:44:38+08:00'}
2025-05-22 14:45:02,003	[INFO]	(main.py:98)on_group_at_message_create	{'id': 'ROBOT1.0_gh8fpwJNjAbqx1DPfhhlYqxXh-ouUOglxG6T3VR9V38WYQttXIrv06n7vjvNlsC.A4cw-1OzbhRnQRZaM0WXMQ!!', 'timestamp': '2025-05-22T14:45:02+08:00'}
2025-05-22 14:45:59,624	[INFO]	(main.py:98)on_group_at_message_create	{'id': 'ROBOT1.0_gh8fpwJNjAbqx1DPfhhlYpjCG68U80UIEbrEJ7ImI0CSMcSqtY.52NiKtStwfxbemDiu2hzgcJaSN2cduOoKUQ!!', 'timestamp': '2025-05-22T14:46:00+08:00'}
2025-05-22 15:02:16,968	[INFO]	(gateway.py:56)on_closed	[botpy] 关闭, 返回码: 4009, 返回信息: Session timed out
2025-05-22 15:02:16,969	[INFO]	(gateway.py:134)ws_connect	[botpy] ws关闭, 停止接收消息!
2025-05-22 15:02:21,971	[INFO]	(connection.py:60)multi_run	[botpy] 最大并发连接数: 1, 启动会话数: 1
2025-05-22 15:02:21,971	[INFO]	(client.py:242)bot_connect	[botpy] 会话启动中...
2025-05-22 15:02:21,971	[INFO]	(gateway.py:115)ws_connect	[botpy] 启动中...
2025-05-22 15:02:22,112	[INFO]	(gateway.py:175)ws_resume	[botpy] 重连启动...
2025-05-22 15:02:22,189	[INFO]	(gateway.py:90)on_message	[botpy] 机器人重连成功! 
2025-05-22 15:02:22,189	[INFO]	(gateway.py:223)_send_heart	[botpy] 心跳维持启动...
2025-05-22 15:32:22,084	[INFO]	(gateway.py:56)on_closed	[botpy] 关闭, 返回码: 4009, 返回信息: Session timed out
2025-05-22 15:32:22,084	[INFO]	(gateway.py:134)ws_connect	[botpy] ws关闭, 停止接收消息!
2025-05-22 15:32:27,084	[INFO]	(connection.py:60)multi_run	[botpy] 最大并发连接数: 1, 启动会话数: 1
2025-05-22 15:32:27,084	[INFO]	(client.py:242)bot_connect	[botpy] 会话启动中...
2025-05-22 15:32:27,084	[INFO]	(gateway.py:115)ws_connect	[botpy] 启动中...
2025-05-22 15:32:27,224	[INFO]	(gateway.py:175)ws_resume	[botpy] 重连启动...
2025-05-22 15:32:27,297	[INFO]	(gateway.py:90)on_message	[botpy] 机器人重连成功! 
2025-05-22 15:32:27,297	[INFO]	(gateway.py:223)_send_heart	[botpy] 心跳维持启动...
2025-05-22 16:02:27,201	[INFO]	(gateway.py:56)on_closed	[botpy] 关闭, 返回码: 4009, 返回信息: Session timed out
2025-05-22 16:02:27,201	[INFO]	(gateway.py:134)ws_connect	[botpy] ws关闭, 停止接收消息!
2025-05-22 16:02:32,199	[INFO]	(connection.py:60)multi_run	[botpy] 最大并发连接数: 1, 启动会话数: 1
2025-05-22 16:02:32,199	[INFO]	(client.py:242)bot_connect	[botpy] 会话启动中...
2025-05-22 16:02:32,200	[INFO]	(gateway.py:115)ws_connect	[botpy] 启动中...
2025-05-22 16:02:32,333	[INFO]	(gateway.py:175)ws_resume	[botpy] 重连启动...
2025-05-22 16:02:32,734	[INFO]	(robot.py:65)update_access_token	[botpy] access_token expires_in 7200
2025-05-22 16:02:32,812	[INFO]	(gateway.py:90)on_message	[botpy] 机器人重连成功! 
2025-05-22 16:02:32,812	[INFO]	(gateway.py:223)_send_heart	[botpy] 心跳维持启动...
2025-05-22 16:32:32,307	[INFO]	(gateway.py:56)on_closed	[botpy] 关闭, 返回码: 4009, 返回信息: Session timed out
2025-05-22 16:32:32,307	[INFO]	(gateway.py:134)ws_connect	[botpy] ws关闭, 停止接收消息!
2025-05-22 16:32:37,308	[INFO]	(connection.py:60)multi_run	[botpy] 最大并发连接数: 1, 启动会话数: 1
2025-05-22 16:32:37,308	[INFO]	(client.py:242)bot_connect	[botpy] 会话启动中...
2025-05-22 16:32:37,308	[INFO]	(gateway.py:115)ws_connect	[botpy] 启动中...
2025-05-22 16:32:37,494	[INFO]	(gateway.py:175)ws_resume	[botpy] 重连启动...
2025-05-22 16:32:37,587	[INFO]	(gateway.py:90)on_message	[botpy] 机器人重连成功! 
2025-05-22 16:32:37,588	[INFO]	(gateway.py:223)_send_heart	[botpy] 心跳维持启动...
2025-05-22 16:34:02,656	[INFO]	(main.py:98)on_group_at_message_create	{'id': 'ROBOT1.0_gh8fpwJNjAbqx1DPfhhlYtWVxKVi10r9liJ1TBIPBaRJbS8uyENiQy-kr-F0m0b2T78U1ovRVI03uLcHw43DBw!!', 'timestamp': '2025-05-22T16:34:03+08:00'}
2025-05-22 17:02:37,468	[INFO]	(gateway.py:56)on_closed	[botpy] 关闭, 返回码: 4009, 返回信息: Session timed out
2025-05-22 17:02:37,468	[INFO]	(gateway.py:134)ws_connect	[botpy] ws关闭, 停止接收消息!
2025-05-22 17:02:42,475	[INFO]	(connection.py:60)multi_run	[botpy] 最大并发连接数: 1, 启动会话数: 1
2025-05-22 17:02:42,475	[INFO]	(client.py:242)bot_connect	[botpy] 会话启动中...
2025-05-22 17:02:42,475	[INFO]	(gateway.py:115)ws_connect	[botpy] 启动中...
2025-05-22 17:02:42,624	[INFO]	(gateway.py:175)ws_resume	[botpy] 重连启动...
2025-05-22 17:02:42,702	[INFO]	(gateway.py:90)on_message	[botpy] 机器人重连成功! 
2025-05-22 17:02:42,702	[INFO]	(gateway.py:223)_send_heart	[botpy] 心跳维持启动...
2025-05-22 17:32:42,598	[INFO]	(gateway.py:56)on_closed	[botpy] 关闭, 返回码: 4009, 返回信息: Session timed out
2025-05-22 17:32:42,599	[INFO]	(gateway.py:134)ws_connect	[botpy] ws关闭, 停止接收消息!
2025-05-22 17:32:47,589	[INFO]	(connection.py:60)multi_run	[botpy] 最大并发连接数: 1, 启动会话数: 1
2025-05-22 17:32:47,589	[INFO]	(client.py:242)bot_connect	[botpy] 会话启动中...
2025-05-22 17:32:47,589	[INFO]	(gateway.py:115)ws_connect	[botpy] 启动中...
2025-05-22 17:32:47,762	[INFO]	(gateway.py:175)ws_resume	[botpy] 重连启动...
2025-05-22 17:32:47,853	[INFO]	(gateway.py:90)on_message	[botpy] 机器人重连成功! 
2025-05-22 17:32:47,853	[INFO]	(gateway.py:223)_send_heart	[botpy] 心跳维持启动...
2025-05-22 18:02:47,735	[INFO]	(gateway.py:56)on_closed	[botpy] 关闭, 返回码: 4009, 返回信息: Session timed out
2025-05-22 18:02:47,735	[INFO]	(gateway.py:134)ws_connect	[botpy] ws关闭, 停止接收消息!
2025-05-22 18:02:52,737	[INFO]	(connection.py:60)multi_run	[botpy] 最大并发连接数: 1, 启动会话数: 1
2025-05-22 18:02:52,737	[INFO]	(client.py:242)bot_connect	[botpy] 会话启动中...
2025-05-22 18:02:52,737	[INFO]	(gateway.py:115)ws_connect	[botpy] 启动中...
2025-05-22 18:02:52,915	[INFO]	(gateway.py:175)ws_resume	[botpy] 重连启动...
2025-05-22 18:02:53,327	[INFO]	(robot.py:65)update_access_token	[botpy] access_token expires_in 7200
2025-05-22 18:02:53,415	[INFO]	(gateway.py:90)on_message	[botpy] 机器人重连成功! 
2025-05-22 18:02:53,415	[INFO]	(gateway.py:223)_send_heart	[botpy] 心跳维持启动...
2025-05-22 18:32:52,887	[INFO]	(gateway.py:56)on_closed	[botpy] 关闭, 返回码: 4009, 返回信息: Session timed out
2025-05-22 18:32:52,888	[INFO]	(gateway.py:134)ws_connect	[botpy] ws关闭, 停止接收消息!
2025-05-22 18:32:57,895	[INFO]	(connection.py:60)multi_run	[botpy] 最大并发连接数: 1, 启动会话数: 1
2025-05-22 18:32:57,895	[INFO]	(client.py:242)bot_connect	[botpy] 会话启动中...
2025-05-22 18:32:57,895	[INFO]	(gateway.py:115)ws_connect	[botpy] 启动中...
2025-05-22 18:32:58,059	[INFO]	(gateway.py:175)ws_resume	[botpy] 重连启动...
2025-05-22 18:32:58,128	[INFO]	(gateway.py:90)on_message	[botpy] 机器人重连成功! 
2025-05-22 18:32:58,128	[INFO]	(gateway.py:223)_send_heart	[botpy] 心跳维持启动...
2025-05-22 19:02:58,032	[INFO]	(gateway.py:56)on_closed	[botpy] 关闭, 返回码: 4009, 返回信息: Session timed out
2025-05-22 19:02:58,032	[INFO]	(gateway.py:134)ws_connect	[botpy] ws关闭, 停止接收消息!
2025-05-22 19:03:03,036	[INFO]	(connection.py:60)multi_run	[botpy] 最大并发连接数: 1, 启动会话数: 1
2025-05-22 19:03:03,036	[INFO]	(client.py:242)bot_connect	[botpy] 会话启动中...
2025-05-22 19:03:03,036	[INFO]	(gateway.py:115)ws_connect	[botpy] 启动中...
2025-05-22 19:03:03,188	[INFO]	(gateway.py:175)ws_resume	[botpy] 重连启动...
2025-05-22 19:03:03,263	[INFO]	(gateway.py:90)on_message	[botpy] 机器人重连成功! 
2025-05-22 19:03:03,264	[INFO]	(gateway.py:223)_send_heart	[botpy] 心跳维持启动...
2025-05-22 19:33:03,158	[INFO]	(gateway.py:56)on_closed	[botpy] 关闭, 返回码: 4009, 返回信息: Session timed out
2025-05-22 19:33:03,158	[INFO]	(gateway.py:134)ws_connect	[botpy] ws关闭, 停止接收消息!
2025-05-22 19:33:08,162	[INFO]	(connection.py:60)multi_run	[botpy] 最大并发连接数: 1, 启动会话数: 1
2025-05-22 19:33:08,162	[INFO]	(client.py:242)bot_connect	[botpy] 会话启动中...
2025-05-22 19:33:08,162	[INFO]	(gateway.py:115)ws_connect	[botpy] 启动中...
2025-05-22 19:33:08,334	[INFO]	(gateway.py:175)ws_resume	[botpy] 重连启动...
2025-05-22 19:33:08,420	[INFO]	(gateway.py:90)on_message	[botpy] 机器人重连成功! 
2025-05-22 19:33:08,420	[INFO]	(gateway.py:223)_send_heart	[botpy] 心跳维持启动...
2025-05-22 20:03:08,307	[INFO]	(gateway.py:56)on_closed	[botpy] 关闭, 返回码: 4009, 返回信息: Session timed out
2025-05-22 20:03:08,307	[INFO]	(gateway.py:134)ws_connect	[botpy] ws关闭, 停止接收消息!
2025-05-22 20:03:13,319	[INFO]	(connection.py:60)multi_run	[botpy] 最大并发连接数: 1, 启动会话数: 1
2025-05-22 20:03:13,319	[INFO]	(client.py:242)bot_connect	[botpy] 会话启动中...
2025-05-22 20:03:13,319	[INFO]	(gateway.py:115)ws_connect	[botpy] 启动中...
2025-05-22 20:03:13,458	[INFO]	(gateway.py:175)ws_resume	[botpy] 重连启动...
2025-05-22 20:03:13,912	[INFO]	(robot.py:65)update_access_token	[botpy] access_token expires_in 7200
2025-05-22 20:03:13,995	[INFO]	(gateway.py:90)on_message	[botpy] 机器人重连成功! 
2025-05-22 20:03:13,995	[INFO]	(gateway.py:223)_send_heart	[botpy] 心跳维持启动...
2025-05-22 20:33:13,430	[INFO]	(gateway.py:56)on_closed	[botpy] 关闭, 返回码: 4009, 返回信息: Session timed out
2025-05-22 20:33:13,432	[INFO]	(gateway.py:134)ws_connect	[botpy] ws关闭, 停止接收消息!
2025-05-22 20:33:18,433	[INFO]	(connection.py:60)multi_run	[botpy] 最大并发连接数: 1, 启动会话数: 1
2025-05-22 20:33:18,433	[INFO]	(client.py:242)bot_connect	[botpy] 会话启动中...
2025-05-22 20:33:18,433	[INFO]	(gateway.py:115)ws_connect	[botpy] 启动中...
2025-05-22 20:33:18,612	[INFO]	(gateway.py:175)ws_resume	[botpy] 重连启动...
2025-05-22 20:33:18,690	[INFO]	(gateway.py:90)on_message	[botpy] 机器人重连成功! 
2025-05-22 20:33:18,691	[INFO]	(gateway.py:223)_send_heart	[botpy] 心跳维持启动...
2025-05-22 21:03:18,584	[INFO]	(gateway.py:56)on_closed	[botpy] 关闭, 返回码: 4009, 返回信息: Session timed out
2025-05-22 21:03:18,584	[INFO]	(gateway.py:134)ws_connect	[botpy] ws关闭, 停止接收消息!
2025-05-22 21:03:23,574	[INFO]	(connection.py:60)multi_run	[botpy] 最大并发连接数: 1, 启动会话数: 1
2025-05-22 21:03:23,574	[INFO]	(client.py:242)bot_connect	[botpy] 会话启动中...
2025-05-22 21:03:23,574	[INFO]	(gateway.py:115)ws_connect	[botpy] 启动中...
2025-05-22 21:03:23,751	[INFO]	(gateway.py:175)ws_resume	[botpy] 重连启动...
2025-05-22 21:03:23,826	[INFO]	(gateway.py:90)on_message	[botpy] 机器人重连成功! 
2025-05-22 21:03:23,826	[INFO]	(gateway.py:223)_send_heart	[botpy] 心跳维持启动...
2025-05-22 21:33:23,723	[INFO]	(gateway.py:56)on_closed	[botpy] 关闭, 返回码: 4009, 返回信息: Session timed out
2025-05-22 21:33:23,723	[INFO]	(gateway.py:134)ws_connect	[botpy] ws关闭, 停止接收消息!
2025-05-22 21:33:28,728	[INFO]	(connection.py:60)multi_run	[botpy] 最大并发连接数: 1, 启动会话数: 1
2025-05-22 21:33:28,729	[INFO]	(client.py:242)bot_connect	[botpy] 会话启动中...
2025-05-22 21:33:28,730	[INFO]	(gateway.py:115)ws_connect	[botpy] 启动中...
2025-05-22 21:33:28,907	[INFO]	(gateway.py:175)ws_resume	[botpy] 重连启动...
2025-05-22 21:33:28,981	[INFO]	(gateway.py:90)on_message	[botpy] 机器人重连成功! 
2025-05-22 21:33:28,981	[INFO]	(gateway.py:223)_send_heart	[botpy] 心跳维持启动...
2025-05-22 21:42:58,053	[WARNING]	(http.py:192)request	请求超时，请求连接: https://sandbox.api.sgroup.qq.com/v2/groups/2078EB9E50A2A3A372D2F03047B60102/messages
2025-05-22 21:42:58,053	[INFO]	(main.py:98)on_group_at_message_create	None
2025-05-22 21:42:58,716	[INFO]	(main.py:98)on_group_at_message_create	{'id': 'ROBOT1.0_gh8fpwJNjAbqx1DPfhhlYrLN6W2NuUr7SOS334IIl-9wtIOUNBjdZBsYtMt.-.TW45Ws2MqJ9Jo7nzih-aKelg!!', 'timestamp': '2025-05-22T21:42:59+08:00'}
2025-05-22 21:46:04,926	[INFO]	(main.py:98)on_group_at_message_create	{'id': 'ROBOT1.0_gh8fpwJNjAbqx1DPfhhlYiuIJ-QHOBQnqWXUYUZAbQfKZij4.aoiiNmbVW-KolK8uUbI70GvXzUeWRx2GJLHug!!', 'timestamp': '2025-05-22T21:46:05+08:00'}
2025-05-22 21:49:38,940	[INFO]	(main.py:98)on_group_at_message_create	{'id': 'ROBOT1.0_gh8fpwJNjAbqx1DPfhhlYlLBv0Uu-5mCxvHB4ohIhmqFgemXJpyRk6AKbZpag90HakVqcGs-h3Y-D0Qch-jFMQ!!', 'timestamp': '2025-05-22T21:49:39+08:00'}
2025-05-22 22:03:28,878	[INFO]	(gateway.py:56)on_closed	[botpy] 关闭, 返回码: 4009, 返回信息: Session timed out
2025-05-22 22:03:28,879	[INFO]	(gateway.py:134)ws_connect	[botpy] ws关闭, 停止接收消息!
2025-05-22 22:03:33,875	[INFO]	(connection.py:60)multi_run	[botpy] 最大并发连接数: 1, 启动会话数: 1
2025-05-22 22:03:33,875	[INFO]	(client.py:242)bot_connect	[botpy] 会话启动中...
2025-05-22 22:03:33,875	[INFO]	(gateway.py:115)ws_connect	[botpy] 启动中...
2025-05-22 22:03:34,009	[INFO]	(gateway.py:175)ws_resume	[botpy] 重连启动...
2025-05-22 22:03:34,432	[INFO]	(robot.py:65)update_access_token	[botpy] access_token expires_in 7200
2025-05-22 22:03:34,513	[INFO]	(gateway.py:90)on_message	[botpy] 机器人重连成功! 
2025-05-22 22:03:34,513	[INFO]	(gateway.py:223)_send_heart	[botpy] 心跳维持启动...
2025-05-22 22:33:33,979	[INFO]	(gateway.py:56)on_closed	[botpy] 关闭, 返回码: 4009, 返回信息: Session timed out
2025-05-22 22:33:33,979	[INFO]	(gateway.py:134)ws_connect	[botpy] ws关闭, 停止接收消息!
2025-05-22 22:33:39,000	[INFO]	(connection.py:60)multi_run	[botpy] 最大并发连接数: 1, 启动会话数: 1
2025-05-22 22:33:39,000	[INFO]	(client.py:242)bot_connect	[botpy] 会话启动中...
2025-05-22 22:33:39,000	[INFO]	(gateway.py:115)ws_connect	[botpy] 启动中...
2025-05-22 22:33:39,150	[INFO]	(gateway.py:175)ws_resume	[botpy] 重连启动...
2025-05-22 22:33:39,265	[INFO]	(gateway.py:90)on_message	[botpy] 机器人重连成功! 
2025-05-22 22:33:39,265	[INFO]	(gateway.py:223)_send_heart	[botpy] 心跳维持启动...
